<?xml version="1.0" encoding="UTF-8"?>
<!-- Generated by org.testng.reporters.JUnitReportReporter -->
<testsuite hostname="E4ML14565" failures="0" tests="2" name="test.LoginPageTest" time="19.189" errors="0" timestamp="2020-01-15T02:27:59 CST" skipped="0">
  <testcase classname="test.LoginPageTest" name="loginTest" time="9.807"/>
  <system-out>
SignIn Action is successfully perfomred  </system-out>
  <testcase classname="test.LoginPageTest" name="loginTest" time="9.382"/>
  <system-out>
SignIn Action is successfully perfomred  </system-out>
</testsuite> <!-- test.LoginPageTest -->
